# JRE version: OpenJDK Runtime Environment (8.0_152-b01) (build 1.8.0_152-release-1343-b01)
# Java VM: OpenJDK 64-Bit Server VM (25.152-b01 mixed mode windows-amd64 compressed oops)
Heap:
 PSYoungGen      total 432640K, used 179932K [0x00000000e0000000, 0x0000000100000000, 0x0000000100000000)
  eden space 373760K, 32% used [0x00000000e0000000,0x00000000e763b1f0,0x00000000f6d00000)
  from space 58880K, 99% used [0x00000000fc680000,0x00000000ffffc1e0,0x0000000100000000)
  to   space 75264K, 0% used [0x00000000f6d00000,0x00000000f6d00000,0x00000000fb680000)
 ParOldGen       total 184320K, used 132882K [0x00000000a0000000, 0x00000000ab400000, 0x00000000e0000000)
  object space 184320K, 72% used [0x00000000a0000000,0x00000000a81c4a08,0x00000000ab400000)
 Metaspace       used 130447K, capacity 137250K, committed 137408K, reserved 1169408K
  class space    used 16515K, capacity 17761K, committed 17880K, reserved 1048576K
GC Heap History (10 events):
Event: 960.439 GC heap before
{Heap before GC invocations=24 (full 4):
 PSYoungGen      total 310784K, used 284672K [0x00000000e0000000, 0x00000000f6300000, 0x0000000100000000)
  eden space 284672K, 100% used [0x00000000e0000000,0x00000000f1600000,0x00000000f1600000)
  from space 26112K, 0% used [0x00000000f1600000,0x00000000f1600000,0x00000000f2f80000)
  to   space 26112K, 0% used [0x00000000f4980000,0x00000000f4980000,0x00000000f6300000)
 ParOldGen       total 184320K, used 61797K [0x00000000a0000000, 0x00000000ab400000, 0x00000000e0000000)
  object space 184320K, 33% used [0x00000000a0000000,0x00000000a3c59788,0x00000000ab400000)
 Metaspace       used 101262K, capacity 106108K, committed 106176K, reserved 1140736K
  class space    used 13118K, capacity 14008K, committed 14040K, reserved 1048576K
Event: 960.454 GC heap after
Heap after GC invocations=24 (full 4):
 PSYoungGen      total 335872K, used 18211K [0x00000000e0000000, 0x00000000f7a00000, 0x0000000100000000)
  eden space 309760K, 0% used [0x00000000e0000000,0x00000000e0000000,0x00000000f2e80000)
  from space 26112K, 69% used [0x00000000f4980000,0x00000000f5b48ec0,0x00000000f6300000)
  to   space 27648K, 0% used [0x00000000f2e80000,0x00000000f2e80000,0x00000000f4980000)
 ParOldGen       total 184320K, used 61805K [0x00000000a0000000, 0x00000000ab400000, 0x00000000e0000000)
  object space 184320K, 33% used [0x00000000a0000000,0x00000000a3c5b788,0x00000000ab400000)
 Metaspace       used 101262K, capacity 106108K, committed 106176K, reserved 1140736K
  class space    used 13118K, capacity 14008K, committed 14040K, reserved 1048576K
}
Event: 2493.910 GC heap before
{Heap before GC invocations=25 (full 4):
 PSYoungGen      total 335872K, used 327971K [0x00000000e0000000, 0x00000000f7a00000, 0x0000000100000000)
  eden space 309760K, 100% used [0x00000000e0000000,0x00000000f2e80000,0x00000000f2e80000)
  from space 26112K, 69% used [0x00000000f4980000,0x00000000f5b48ec0,0x00000000f6300000)
  to   space 27648K, 0% used [0x00000000f2e80000,0x00000000f2e80000,0x00000000f4980000)
 ParOldGen       total 184320K, used 61805K [0x00000000a0000000, 0x00000000ab400000, 0x00000000e0000000)
  object space 184320K, 33% used [0x00000000a0000000,0x00000000a3c5b788,0x00000000ab400000)
 Metaspace       used 110410K, capacity 116074K, committed 116160K, reserved 1150976K
  class space    used 14223K, capacity 15291K, committed 15320K, reserved 1048576K
Event: 2494.375 GC heap after
Heap after GC invocations=25 (full 4):
 PSYoungGen      total 337408K, used 23494K [0x00000000e0000000, 0x00000000f9380000, 0x0000000100000000)
  eden space 309760K, 0% used [0x00000000e0000000,0x00000000e0000000,0x00000000f2e80000)
  from space 27648K, 84% used [0x00000000f2e80000,0x00000000f4571b58,0x00000000f4980000)
  to   space 30208K, 0% used [0x00000000f7600000,0x00000000f7600000,0x00000000f9380000)
 ParOldGen       total 184320K, used 61813K [0x00000000a0000000, 0x00000000ab400000, 0x00000000e0000000)
  object space 184320K, 33% used [0x00000000a0000000,0x00000000a3c5d788,0x00000000ab400000)
 Metaspace       used 110410K, capacity 116074K, committed 116160K, reserved 1150976K
  class space    used 14223K, capacity 15291K, committed 15320K, reserved 1048576K
}
Event: 2504.896 GC heap before
{Heap before GC invocations=26 (full 4):
 PSYoungGen      total 337408K, used 333254K [0x00000000e0000000, 0x00000000f9380000, 0x0000000100000000)
  eden space 309760K, 100% used [0x00000000e0000000,0x00000000f2e80000,0x00000000f2e80000)
  from space 27648K, 84% used [0x00000000f2e80000,0x00000000f4571b58,0x00000000f4980000)
  to   space 30208K, 0% used [0x00000000f7600000,0x00000000f7600000,0x00000000f9380000)
 ParOldGen       total 184320K, used 61813K [0x00000000a0000000, 0x00000000ab400000, 0x00000000e0000000)
  object space 184320K, 33% used [0x00000000a0000000,0x00000000a3c5d788,0x00000000ab400000)
 Metaspace       used 113782K, capacity 119538K, committed 119744K, reserved 1153024K
  class space    used 14627K, capacity 15713K, committed 15832K, reserved 1048576K
Event: 2504.929 GC heap after
Heap after GC invocations=26 (full 4):
 PSYoungGen      total 378880K, used 26523K [0x00000000e0000000, 0x00000000f9680000, 0x0000000100000000)
  eden space 348672K, 0% used [0x00000000e0000000,0x00000000e0000000,0x00000000f5480000)
  from space 30208K, 87% used [0x00000000f7600000,0x00000000f8fe6de8,0x00000000f9380000)
  to   space 33792K, 0% used [0x00000000f5480000,0x00000000f5480000,0x00000000f7580000)
 ParOldGen       total 184320K, used 61821K [0x00000000a0000000, 0x00000000ab400000, 0x00000000e0000000)
  object space 184320K, 33% used [0x00000000a0000000,0x00000000a3c5f788,0x00000000ab400000)
 Metaspace       used 113782K, capacity 119538K, committed 119744K, reserved 1153024K
  class space    used 14627K, capacity 15713K, committed 15832K, reserved 1048576K
}
Event: 2507.764 GC heap before
{Heap before GC invocations=27 (full 4):
 PSYoungGen      total 378880K, used 375195K [0x00000000e0000000, 0x00000000f9680000, 0x0000000100000000)
  eden space 348672K, 100% used [0x00000000e0000000,0x00000000f5480000,0x00000000f5480000)
  from space 30208K, 87% used [0x00000000f7600000,0x00000000f8fe6de8,0x00000000f9380000)
  to   space 33792K, 0% used [0x00000000f5480000,0x00000000f5480000,0x00000000f7580000)
 ParOldGen       total 184320K, used 61821K [0x00000000a0000000, 0x00000000ab400000, 0x00000000e0000000)
  object space 184320K, 33% used [0x00000000a0000000,0x00000000a3c5f788,0x00000000ab400000)
 Metaspace       used 118932K, capacity 124778K, committed 125120K, reserved 1159168K
  class space    used 15163K, capacity 16267K, committed 16344K, reserved 1048576K
Event: 2508.192 GC heap after
Heap after GC invocations=27 (full 4):
 PSYoungGen      total 382464K, used 33781K [0x00000000e0000000, 0x0000000100000000, 0x0000000100000000)
  eden space 348672K, 0% used [0x00000000e0000000,0x00000000e0000000,0x00000000f5480000)
  from space 33792K, 99% used [0x00000000f5480000,0x00000000f757d500,0x00000000f7580000)
  to   space 58880K, 0% used [0x00000000fc680000,0x00000000fc680000,0x0000000100000000)
 ParOldGen       total 184320K, used 115728K [0x00000000a0000000, 0x00000000ab400000, 0x00000000e0000000)
  object space 184320K, 62% used [0x00000000a0000000,0x00000000a71040e8,0x00000000ab400000)
 Metaspace       used 118932K, capacity 124778K, committed 125120K, reserved 1159168K
  class space    used 15163K, capacity 16267K, committed 16344K, reserved 1048576K
}
Event: 2516.956 GC heap before
{Heap before GC invocations=28 (full 4):
 PSYoungGen      total 382464K, used 378296K [0x00000000e0000000, 0x0000000100000000, 0x0000000100000000)
  eden space 348672K, 98% used [0x00000000e0000000,0x00000000f5070ec0,0x00000000f5480000)
  from space 33792K, 99% used [0x00000000f5480000,0x00000000f757d500,0x00000000f7580000)
  to   space 58880K, 0% used [0x00000000fc680000,0x00000000fc680000,0x0000000100000000)
 ParOldGen       total 184320K, used 115728K [0x00000000a0000000, 0x00000000ab400000, 0x00000000e0000000)
  object space 184320K, 62% used [0x00000000a0000000,0x00000000a71040e8,0x00000000ab400000)
 Metaspace       used 129554K, capacity 136372K, committed 136512K, reserved 1167360K
  class space    used 16396K, capacity 17636K, committed 17752K, reserved 1048576K
Event: 2517.388 GC heap after
Heap after GC invocations=28 (full 4):
 PSYoungGen      total 432640K, used 58864K [0x00000000e0000000, 0x0000000100000000, 0x0000000100000000)
  eden space 373760K, 0% used [0x00000000e0000000,0x00000000e0000000,0x00000000f6d00000)
  from space 58880K, 99% used [0x00000000fc680000,0x00000000ffffc1e0,0x0000000100000000)
  to   space 75264K, 0% used [0x00000000f6d00000,0x00000000f6d00000,0x00000000fb680000)
 ParOldGen       total 184320K, used 132882K [0x00000000a0000000, 0x00000000ab400000, 0x00000000e0000000)
  object space 184320K, 72% used [0x00000000a0000000,0x00000000a81c4a08,0x00000000ab400000)
 Metaspace       used 129554K, capacity 136372K, committed 136512K, reserved 1167360K
  class space    used 16396K, capacity 17636K, committed 17752K, reserved 1048576K
}

